2023-11-20 14:20:14,563:INFO:Chat_Server.py:Esdras Entrou no Chat.
2023-11-20 14:22:29,287:INFO:Chat_Server.py:Esdras Entrou no Chat.
2023-11-20 14:27:20,847:INFO:Chat_Server.py:Esdras Entrou no Chat.
2023-11-20 14:28:45,218:INFO:Chat_Server.py:7 Entrou no Chat.
2023-11-20 14:30:12,533:INFO:Chat_Server.py:Esdras Entrou no Chat.
2023-11-20 14:38:21,260:INFO:Chat_Server.py:Esdras Entrou no Chat.
2023-11-20 14:39:51,095:INFO:Chat_Server.py:Esdras Entrou no Chat.
2023-11-20 14:40:46,036:INFO:Chat_Server.py:Esdras Saiu do Chat.
2023-11-20 14:41:13,137:INFO:Chat_Server.py:Esda Entrou no Chat.
2023-11-20 14:41:17,682:INFO:Chat_Server.py:Esda: 1
2023-11-20 14:41:24,490:INFO:Chat_Server.py:Esda: SDa
2023-11-20 14:41:30,293:INFO:Chat_Server.py:Esda Saiu do Chat.
2023-11-20 14:42:39,780:INFO:Chat_Server.py:Esdras Entrou no Chat.
2023-11-20 14:42:45,308:INFO:Chat_Server.py:Esdras: Ola
2023-11-20 14:42:52,181:INFO:Chat_Server.py:Esdras Saiu do Chat.
2023-11-20 14:42:57,533:INFO:Chat_Server.py:aA Entrou no Chat.
2023-11-20 14:43:15,461:INFO:Chat_Server.py:aA Saiu do Chat.
2023-11-20 14:44:04,567:INFO:Chat_Server.py:OOO Entrou no Chat.
2023-11-20 14:44:22,584:INFO:Chat_Server.py:OOO: 1
2023-11-20 14:44:33,712:INFO:Chat_Server.py:OOO: hÂ
2023-11-20 14:49:47,258:INFO:Chat_Server.py:Esdras Entrou no Chat.
2023-11-20 14:49:52,810:INFO:Chat_Server.py:Esdras: ola
2023-11-20 14:50:50,156:INFO:Chat_Server.py:Esdras Saiu do Chat.
2023-11-20 14:51:50,374:INFO:Chat_Server.py:Ola Entrou no Chat.
2023-11-20 14:51:59,246:INFO:Chat_Server.py:Ola: COmo
2023-11-20 14:55:58,079:INFO:Chat_Server.py:Esdras Entrou no Chat.
2023-11-20 14:56:38,712:INFO:Chat_Server.py:a Entrou no Chat.
2023-11-20 14:57:16,978:INFO:Chat_Server.py:ppp Entrou no Chat.
2023-11-20 14:57:33,474:INFO:Chat_Server.py:loop Entrou no Chat.
2023-11-20 14:57:41,754:INFO:Chat_Server.py:loop: opoppo
2023-11-20 14:59:15,253:INFO:Chat_Server.py:a Entrou no Chat.
2023-11-20 14:59:43,046:INFO:Chat_Server.py:Es Entrou no Chat.
2023-11-20 15:00:07,631:INFO:Chat_Server.py:ç Entrou no Chat.
2023-11-20 15:00:28,760:INFO:Chat_Server.py:aaa Entrou no Chat.
